2024-03-08 07:01:29 [INFO] Starting minecraft server version 1.5.2
2024-03-08 07:01:29 [INFO] Loading properties
2024-03-08 07:01:29 [INFO] Default game type: SURVIVAL
2024-03-08 07:01:29 [INFO] Generating keypair
2024-03-08 07:01:30 [INFO] Starting Minecraft server on 127.0.0.1:25569
2024-03-08 07:01:30 [INFO] This server is running CraftBukkit version git-Bukkit-1.5.2-R1.0-b2788jnks (MC: 1.5.2) (Implementing API version 1.5.2-R1.0)
2024-03-08 07:01:31 [WARNING] Failed to load operators list: java.io.FileNotFoundException: ./ops.txt (No such file or directory)
2024-03-08 07:01:31 [WARNING] Failed to load white-list: java.io.FileNotFoundException: ./white-list.txt (No such file or directory)
2024-03-08 07:01:31 [WARNING] **** SERVER IS RUNNING IN OFFLINE/INSECURE MODE!
2024-03-08 07:01:31 [WARNING] The server will make no attempt to authenticate usernames. Beware.
2024-03-08 07:01:31 [WARNING] While this makes the game possible to play without internet access, it also opens up the ability for hackers to connect with any username they choose.
2024-03-08 07:01:31 [WARNING] To change this, set "online-mode" to "true" in the server.properties file.
2024-03-08 07:01:31 [INFO] Preparing level "world"
2024-03-08 07:01:31 [SEVERE] Exception in thread "Thread-5" 
2024-03-08 07:01:31 [SEVERE] org.bukkit.craftbukkit.libs.com.google.gson.JsonSyntaxException: java.lang.IllegalStateException: Expected BEGIN_OBJECT but was STRING at line 1 column 7

2024-03-08 07:01:31 [SEVERE] 	at org.bukkit.craftbukkit.libs.com.google.gson.internal.bind.ReflectiveTypeAdapterFactory$Adapter.read(ReflectiveTypeAdapterFactory.java:180)

2024-03-08 07:01:31 [SEVERE] 	at org.bukkit.craftbukkit.libs.com.google.gson.Gson.fromJson(Gson.java:755)

2024-03-08 07:01:31 [SEVERE] 	at org.bukkit.craftbukkit.libs.com.google.gson.Gson.fromJson(Gson.java:694)

2024-03-08 07:01:31 [SEVERE] 	at org.bukkit.craftbukkit.v1_5_R3.updater.BukkitDLUpdaterService.fetchArtifact(BukkitDLUpdaterService.java:51)

2024-03-08 07:01:31 [SEVERE] 	at org.bukkit.craftbukkit.v1_5_R3.updater.BukkitDLUpdaterService.getArtifact(BukkitDLUpdaterService.java:28)

2024-03-08 07:01:31 [SEVERE] 	at org.bukkit.craftbukkit.v1_5_R3.updater.AutoUpdater$1.run(AutoUpdater.java:77)

2024-03-08 07:01:31 [SEVERE] Caused by: java.lang.IllegalStateException: Expected BEGIN_OBJECT but was STRING at line 1 column 7

2024-03-08 07:01:31 [SEVERE] 	at org.bukkit.craftbukkit.libs.com.google.gson.stream.JsonReader.expect(JsonReader.java:339)

2024-03-08 07:01:31 [SEVERE] 	at org.bukkit.craftbukkit.libs.com.google.gson.stream.JsonReader.beginObject(JsonReader.java:322)

2024-03-08 07:01:31 [SEVERE] 	at org.bukkit.craftbukkit.libs.com.google.gson.internal.bind.ReflectiveTypeAdapterFactory$Adapter.read(ReflectiveTypeAdapterFactory.java:168)

2024-03-08 07:01:31 [SEVERE] 	... 5 more

2024-03-08 07:01:31 [INFO] Preparing start region for level 0 (Seed: -8688111817713219783)
2024-03-08 07:01:32 [INFO] Preparing spawn area: 8%
2024-03-08 07:01:33 [INFO] Preparing spawn area: 16%
2024-03-08 07:01:34 [INFO] Preparing spawn area: 33%
2024-03-08 07:01:35 [INFO] Preparing spawn area: 41%
2024-03-08 07:01:36 [INFO] Preparing spawn area: 58%
2024-03-08 07:01:37 [INFO] Preparing spawn area: 74%
2024-03-08 07:01:38 [INFO] Preparing spawn area: 95%
2024-03-08 07:01:39 [INFO] Preparing start region for level 1 (Seed: -8688111817713219783)
2024-03-08 07:01:39 [INFO] Preparing spawn area: 4%
2024-03-08 07:01:40 [INFO] Preparing spawn area: 16%
2024-03-08 07:01:41 [INFO] Preparing spawn area: 41%
2024-03-08 07:01:42 [INFO] Preparing spawn area: 66%
2024-03-08 07:01:43 [INFO] Preparing start region for level 2 (Seed: -8688111817713219783)
2024-03-08 07:01:43 [INFO] Preparing spawn area: 8%
2024-03-08 07:01:44 [INFO] Preparing spawn area: 87%
2024-03-08 07:01:44 [INFO] Server permissions file permissions.yml is empty, ignoring it
2024-03-08 07:01:44 [INFO] Done (13.577s)! For help, type "help" or "?"
2024-03-08 07:01:44 [INFO] Crash Loop Detector is Running! (30sec)

2024-03-08 07:01:44 [INFO] To increase, add "--crashTimeout [sec]" to the program's arguments

2024-03-08 07:02:31 [INFO] /127.0.0.1:46118 lost connection
2024-03-08 07:02:31 [INFO] /127.0.0.1:46126 lost connection
2024-03-08 07:02:31 [INFO] /127.0.0.1:46140 lost connection
2024-03-08 07:02:31 [INFO] /127.0.0.1:46144 lost connection
2024-03-08 07:02:31 [INFO] /127.0.0.1:46160 lost connection
2024-03-08 07:02:31 [INFO] /127.0.0.1:46164 lost connection
2024-03-08 07:02:31 [INFO] /127.0.0.1:46166 lost connection
2024-03-08 07:02:31 [INFO] /127.0.0.1:46180 lost connection
2024-03-08 07:02:32 [INFO] /127.0.0.1:46192 lost connection
2024-03-08 07:02:32 [INFO] /127.0.0.1:46196 lost connection
2024-03-08 07:02:32 [INFO] /127.0.0.1:46206 lost connection
2024-03-08 07:02:32 [INFO] /127.0.0.1:46212 lost connection
2024-03-08 07:02:35 [INFO] /127.0.0.1:46226 lost connection
2024-03-08 07:02:35 [INFO] /127.0.0.1:46230 lost connection
2024-03-08 07:02:35 [INFO] /127.0.0.1:46234 lost connection
2024-03-08 07:02:35 [INFO] /127.0.0.1:46250 lost connection
2024-03-08 07:03:10 [INFO] /127.0.0.1:36188 lost connection
2024-03-08 07:03:10 [INFO] /127.0.0.1:36192 lost connection
2024-03-08 07:03:10 [INFO] /127.0.0.1:36208 lost connection
2024-03-08 07:03:10 [INFO] /127.0.0.1:36214 lost connection
2024-03-08 07:05:15 [INFO] Starting minecraft server version 1.5.2
2024-03-08 07:05:15 [INFO] Loading properties
2024-03-08 07:05:15 [INFO] Default game type: SURVIVAL
2024-03-08 07:05:15 [INFO] Generating keypair
2024-03-08 07:05:16 [INFO] Starting Minecraft server on 127.0.0.1:25569
2024-03-08 07:05:16 [INFO] This server is running CraftBukkit version git-Bukkit-1.5.2-R1.0-b2788jnks (MC: 1.5.2) (Implementing API version 1.5.2-R1.0)
2024-03-08 07:05:16 [WARNING] **** SERVER IS RUNNING IN OFFLINE/INSECURE MODE!
2024-03-08 07:05:16 [WARNING] The server will make no attempt to authenticate usernames. Beware.
2024-03-08 07:05:16 [WARNING] While this makes the game possible to play without internet access, it also opens up the ability for hackers to connect with any username they choose.
2024-03-08 07:05:16 [WARNING] To change this, set "online-mode" to "true" in the server.properties file.
2024-03-08 07:05:16 [INFO] Preparing level "world"
2024-03-08 07:05:16 [SEVERE] Exception in thread "Thread-5" 
2024-03-08 07:05:16 [SEVERE] org.bukkit.craftbukkit.libs.com.google.gson.JsonSyntaxException: java.lang.IllegalStateException: Expected BEGIN_OBJECT but was STRING at line 1 column 7

2024-03-08 07:05:16 [SEVERE] 	at org.bukkit.craftbukkit.libs.com.google.gson.internal.bind.ReflectiveTypeAdapterFactory$Adapter.read(ReflectiveTypeAdapterFactory.java:180)

2024-03-08 07:05:16 [SEVERE] 	at org.bukkit.craftbukkit.libs.com.google.gson.Gson.fromJson(Gson.java:755)

2024-03-08 07:05:16 [SEVERE] 	at org.bukkit.craftbukkit.libs.com.google.gson.Gson.fromJson(Gson.java:694)

2024-03-08 07:05:16 [SEVERE] 	at org.bukkit.craftbukkit.v1_5_R3.updater.BukkitDLUpdaterService.fetchArtifact(BukkitDLUpdaterService.java:51)

2024-03-08 07:05:16 [SEVERE] 	at org.bukkit.craftbukkit.v1_5_R3.updater.BukkitDLUpdaterService.getArtifact(BukkitDLUpdaterService.java:28)

2024-03-08 07:05:16 [SEVERE] 	at org.bukkit.craftbukkit.v1_5_R3.updater.AutoUpdater$1.run(AutoUpdater.java:77)

2024-03-08 07:05:16 [SEVERE] Caused by: java.lang.IllegalStateException: Expected BEGIN_OBJECT but was STRING at line 1 column 7

2024-03-08 07:05:16 [SEVERE] 	at org.bukkit.craftbukkit.libs.com.google.gson.stream.JsonReader.expect(JsonReader.java:339)

2024-03-08 07:05:16 [SEVERE] 	at org.bukkit.craftbukkit.libs.com.google.gson.stream.JsonReader.beginObject(JsonReader.java:322)

2024-03-08 07:05:16 [SEVERE] 	at org.bukkit.craftbukkit.libs.com.google.gson.internal.bind.ReflectiveTypeAdapterFactory$Adapter.read(ReflectiveTypeAdapterFactory.java:168)

2024-03-08 07:05:16 [SEVERE] 	... 5 more

2024-03-08 07:05:16 [INFO] Preparing start region for level 0 (Seed: -8688111817713219783)
2024-03-08 07:05:16 [INFO] Preparing start region for level 1 (Seed: -8688111817713219783)
2024-03-08 07:05:17 [INFO] Preparing start region for level 2 (Seed: -8688111817713219783)
2024-03-08 07:05:17 [INFO] Server permissions file permissions.yml is empty, ignoring it
2024-03-08 07:05:17 [INFO] Done (0.981s)! For help, type "help" or "?"
2024-03-08 07:05:17 [INFO] Crash Loop Detector is Running! (30sec)

2024-03-08 07:05:17 [INFO] To increase, add "--crashTimeout [sec]" to the program's arguments

2024-03-08 07:08:39 [INFO] J4Y[/127.0.0.1:59643] logged in with entity id 261 at ([world] -145.5, 69.0, 262.5)
2024-03-08 07:09:17 [INFO] J4Y lost connection: disconnect.quitting
2024-03-08 07:09:17 [INFO] Connection reset
2024-03-08 07:10:11 [INFO] Starting minecraft server version 1.5.2
2024-03-08 07:10:11 [INFO] Loading properties
2024-03-08 07:10:11 [INFO] Default game type: SURVIVAL
2024-03-08 07:10:11 [INFO] Generating keypair
2024-03-08 07:10:11 [INFO] Starting Minecraft server on 127.0.0.1:25569
2024-03-08 07:10:12 [INFO] This server is running CraftBukkit version git-Bukkit-1.5.2-R1.0-b2788jnks (MC: 1.5.2) (Implementing API version 1.5.2-R1.0)
2024-03-08 07:10:12 [WARNING] **** SERVER IS RUNNING IN OFFLINE/INSECURE MODE!
2024-03-08 07:10:12 [WARNING] The server will make no attempt to authenticate usernames. Beware.
2024-03-08 07:10:12 [WARNING] While this makes the game possible to play without internet access, it also opens up the ability for hackers to connect with any username they choose.
2024-03-08 07:10:12 [WARNING] To change this, set "online-mode" to "true" in the server.properties file.
2024-03-08 07:10:12 [INFO] Preparing level "world"
2024-03-08 07:10:12 [SEVERE] Exception in thread "Thread-5" 
2024-03-08 07:10:12 [SEVERE] org.bukkit.craftbukkit.libs.com.google.gson.JsonSyntaxException: java.lang.IllegalStateException: Expected BEGIN_OBJECT but was STRING at line 1 column 7

2024-03-08 07:10:12 [SEVERE] 	at org.bukkit.craftbukkit.libs.com.google.gson.internal.bind.ReflectiveTypeAdapterFactory$Adapter.read(ReflectiveTypeAdapterFactory.java:180)

2024-03-08 07:10:12 [SEVERE] 	at org.bukkit.craftbukkit.libs.com.google.gson.Gson.fromJson(Gson.java:755)

2024-03-08 07:10:12 [SEVERE] 	at org.bukkit.craftbukkit.libs.com.google.gson.Gson.fromJson(Gson.java:694)

2024-03-08 07:10:12 [SEVERE] 	at org.bukkit.craftbukkit.v1_5_R3.updater.BukkitDLUpdaterService.fetchArtifact(BukkitDLUpdaterService.java:51)

2024-03-08 07:10:12 [SEVERE] 	at org.bukkit.craftbukkit.v1_5_R3.updater.BukkitDLUpdaterService.getArtifact(BukkitDLUpdaterService.java:28)

2024-03-08 07:10:12 [SEVERE] 	at org.bukkit.craftbukkit.v1_5_R3.updater.AutoUpdater$1.run(AutoUpdater.java:77)

2024-03-08 07:10:12 [SEVERE] Caused by: java.lang.IllegalStateException: Expected BEGIN_OBJECT but was STRING at line 1 column 7

2024-03-08 07:10:12 [SEVERE] 	at org.bukkit.craftbukkit.libs.com.google.gson.stream.JsonReader.expect(JsonReader.java:339)

2024-03-08 07:10:12 [SEVERE] 	at org.bukkit.craftbukkit.libs.com.google.gson.stream.JsonReader.beginObject(JsonReader.java:322)

2024-03-08 07:10:12 [SEVERE] 	at org.bukkit.craftbukkit.libs.com.google.gson.internal.bind.ReflectiveTypeAdapterFactory$Adapter.read(ReflectiveTypeAdapterFactory.java:168)

2024-03-08 07:10:12 [SEVERE] 	... 5 more

2024-03-08 07:10:12 [INFO] Preparing start region for level 0 (Seed: 2776274454713392320)
2024-03-08 07:10:13 [INFO] Preparing spawn area: 8%
2024-03-08 07:10:14 [INFO] Preparing spawn area: 24%
2024-03-08 07:10:15 [INFO] Preparing spawn area: 45%
2024-03-08 07:10:16 [INFO] Preparing spawn area: 70%
2024-03-08 07:10:17 [INFO] Preparing spawn area: 95%
2024-03-08 07:10:17 [INFO] Preparing start region for level 1 (Seed: 2776274454713392320)
2024-03-08 07:10:18 [INFO] Preparing spawn area: 8%
2024-03-08 07:10:19 [INFO] Preparing spawn area: 37%
2024-03-08 07:10:20 [INFO] Preparing spawn area: 78%
2024-03-08 07:10:21 [INFO] Preparing start region for level 2 (Seed: 2776274454713392320)
2024-03-08 07:10:21 [INFO] Preparing spawn area: 28%
2024-03-08 07:10:22 [INFO] Server permissions file permissions.yml is empty, ignoring it
2024-03-08 07:10:22 [INFO] Done (10.181s)! For help, type "help" or "?"
2024-03-08 07:10:22 [INFO] Crash Loop Detector is Running! (30sec)

2024-03-08 07:10:22 [INFO] To increase, add "--crashTimeout [sec]" to the program's arguments

2024-03-08 07:10:48 [INFO] J4Y[/127.0.0.1:34325] logged in with entity id 4820 at ([world] -232.5, 63.0, 246.5)
2024-03-08 07:12:38 [INFO] J4Y lost connection: disconnect.quitting
2024-03-08 07:12:38 [INFO] Connection reset
2024-03-08 07:12:43 [INFO] J4Y[/127.0.0.1:39041] logged in with entity id 7286 at ([world] -209.14309271617884, 75.0, 260.5048010295059)
2024-03-08 07:14:56 [INFO] J4Y lost connection: disconnect.quitting
2024-03-08 07:14:56 [INFO] Connection reset
2024-03-08 07:16:40 [INFO] Stopping server
